<?xml version="1.0" encoding="UTF-8"?>
<!-- Generated by org.testng.reporters.JUnitReportReporter -->
<testsuite skipped="0" hostname="Duncans-MacBook-Pro.local" name="stepsDefinition.Test_upload_business_csv" tests="1" failures="0" timestamp="2021-09-09T22:17:13 EAT" time="0.020" errors="0">
  <testcase name="testUploadBusiness" time="0.020" classname="stepsDefinition.Test_upload_business_csv"/>
  <system-out/>
</testsuite> <!-- stepsDefinition.Test_upload_business_csv -->
